app/build/intermediates/manifest_merge_blame_file/debug/manifest-merger-blame-debug-report.txt
1<?xml version="1.0" encoding="utf-8"?>
2<manifest xmlns:android="http://schemas.android.com/apk/res/android"
3    package="com.trends.newcloack.debug"
4    android:versionCode="1"
5    android:versionName="1.0" >
6
7    <uses-sdk
8        android:minSdkVersion="24"
9        android:targetSdkVersion="34" />
10
11    <uses-permission android:name="android.permission.INTERNET" />
11-->src\main\AndroidManifest.xml:5:5-67
11-->src\main\AndroidManifest.xml:5:22-64
12    <uses-permission android:name="android.permission.ACCESS_NETWORK_STATE" />
12-->src\main\AndroidManifest.xml:6:5-79
12-->src\main\AndroidManifest.xml:6:22-76
13    <uses-permission android:name="com.google.android.gms.permission.AD_ID" />
13-->src\main\AndroidManifest.xml:7:5-79
13-->src\main\AndroidManifest.xml:7:22-76
14
15    <queries>
15-->[com.facebook.android:facebook-common:17.0.0] AndroidManifest.xml:17:5-19:15
16        <package android:name="com.facebook.katana" />
16-->[com.facebook.android:facebook-common:17.0.0] AndroidManifest.xml:18:9-55
16-->[com.facebook.android:facebook-common:17.0.0] AndroidManifest.xml:18:18-52
17
18        <intent>
18-->[com.appsflyer:af-android-sdk:6.12.1] AndroidManifest.xml:12:9-14:18
19            <action android:name="com.appsflyer.referrer.INSTALL_PROVIDER" />
19-->[com.appsflyer:af-android-sdk:6.12.1] AndroidManifest.xml:13:13-78
19-->[com.appsflyer:af-android-sdk:6.12.1] AndroidManifest.xml:13:21-75
20        </intent>
21    </queries>
22
23    <permission
23-->[androidx.core:core:1.12.0] AndroidManifest.xml:22:5-24:47
24        android:name="com.trends.newcloack.debug.DYNAMIC_RECEIVER_NOT_EXPORTED_PERMISSION"
24-->[androidx.core:core:1.12.0] AndroidManifest.xml:23:9-81
25        android:protectionLevel="signature" />
25-->[androidx.core:core:1.12.0] AndroidManifest.xml:24:9-44
26
27    <uses-permission android:name="com.trends.newcloack.debug.DYNAMIC_RECEIVER_NOT_EXPORTED_PERMISSION" />
27-->[androidx.core:core:1.12.0] AndroidManifest.xml:26:5-97
27-->[androidx.core:core:1.12.0] AndroidManifest.xml:26:22-94
28    <uses-permission android:name="com.google.android.finsky.permission.BIND_GET_INSTALL_REFERRER_SERVICE" /> <!-- node=remove -->
28-->[com.android.installreferrer:installreferrer:2.2] AndroidManifest.xml:9:5-110
28-->[com.android.installreferrer:installreferrer:2.2] AndroidManifest.xml:9:22-107
29    <application
29-->src\main\AndroidManifest.xml:9:5-37:19
30        android:name="com.trends.testwebcloak.App"
30-->src\main\AndroidManifest.xml:10:9-28
31        android:allowBackup="true"
31-->src\main\AndroidManifest.xml:11:9-35
32        android:appComponentFactory="androidx.core.app.CoreComponentFactory"
32-->[androidx.core:core:1.12.0] AndroidManifest.xml:28:18-86
33        android:dataExtractionRules="@xml/data_extraction_rules"
33-->src\main\AndroidManifest.xml:12:9-65
34        android:debuggable="true"
35        android:extractNativeLibs="false"
36        android:fullBackupContent="@xml/backup_rules"
36-->src\main\AndroidManifest.xml:13:9-54
37        android:icon="@mipmap/ic_launcher"
37-->src\main\AndroidManifest.xml:14:9-43
38        android:label="@string/app_name"
38-->src\main\AndroidManifest.xml:16:9-41
39        android:roundIcon="@mipmap/ic_launcher_round"
39-->src\main\AndroidManifest.xml:17:9-54
40        android:supportsRtl="true"
40-->src\main\AndroidManifest.xml:18:9-35
41        android:testOnly="true"
42        android:theme="@style/Theme.TestWebCloak"
42-->src\main\AndroidManifest.xml:19:9-50
43        android:usesCleartextTraffic="true" >
43-->src\main\AndroidManifest.xml:15:9-44
44        <meta-data
45            android:name="com.facebook.sdk.ApplicationId"
45-->src\main\AndroidManifest.xml:24:20-65
46            android:value="" />
46-->src\main\AndroidManifest.xml:24:66-94
47        <meta-data
48            android:name="com.facebook.sdk.ClientToken"
48-->src\main\AndroidManifest.xml:25:20-63
49            android:value="" />
49-->src\main\AndroidManifest.xml:25:64-94
50
51        <activity
51-->src\main\AndroidManifest.xml:27:9-36:20
52            android:name="com.trends.testwebcloak.view.MainActivity"
52-->src\main\AndroidManifest.xml:28:13-46
53            android:exported="true"
53-->src\main\AndroidManifest.xml:29:13-36
54            android:theme="@style/Theme.TestWebCloak" >
54-->src\main\AndroidManifest.xml:30:13-54
55            <intent-filter>
55-->src\main\AndroidManifest.xml:31:13-35:29
56                <action android:name="android.intent.action.MAIN" />
56-->src\main\AndroidManifest.xml:32:17-69
56-->src\main\AndroidManifest.xml:32:25-66
57
58                <category android:name="android.intent.category.LAUNCHER" />
58-->src\main\AndroidManifest.xml:34:17-77
58-->src\main\AndroidManifest.xml:34:27-74
59            </intent-filter>
60        </activity>
61        <activity
61-->[com.facebook.android:facebook-common:17.0.0] AndroidManifest.xml:22:9-25:66
62            android:name="com.facebook.FacebookActivity"
62-->[com.facebook.android:facebook-common:17.0.0] AndroidManifest.xml:23:13-57
63            android:configChanges="keyboard|keyboardHidden|screenLayout|screenSize|orientation"
63-->[com.facebook.android:facebook-common:17.0.0] AndroidManifest.xml:24:13-96
64            android:theme="@style/com_facebook_activity_theme" />
64-->[com.facebook.android:facebook-common:17.0.0] AndroidManifest.xml:25:13-63
65        <activity android:name="com.facebook.CustomTabMainActivity" />
65-->[com.facebook.android:facebook-common:17.0.0] AndroidManifest.xml:26:9-71
65-->[com.facebook.android:facebook-common:17.0.0] AndroidManifest.xml:26:19-68
66        <activity
66-->[com.facebook.android:facebook-common:17.0.0] AndroidManifest.xml:27:9-41:20
67            android:name="com.facebook.CustomTabActivity"
67-->[com.facebook.android:facebook-common:17.0.0] AndroidManifest.xml:28:13-58
68            android:exported="true" >
68-->[com.facebook.android:facebook-common:17.0.0] AndroidManifest.xml:29:13-36
69            <intent-filter>
69-->[com.facebook.android:facebook-common:17.0.0] AndroidManifest.xml:31:13-40:29
70                <action android:name="android.intent.action.VIEW" />
70-->[com.facebook.android:facebook-common:17.0.0] AndroidManifest.xml:32:17-69
70-->[com.facebook.android:facebook-common:17.0.0] AndroidManifest.xml:32:25-66
71
72                <category android:name="android.intent.category.DEFAULT" />
72-->[com.facebook.android:facebook-common:17.0.0] AndroidManifest.xml:34:17-76
72-->[com.facebook.android:facebook-common:17.0.0] AndroidManifest.xml:34:27-73
73                <category android:name="android.intent.category.BROWSABLE" />
73-->[com.facebook.android:facebook-common:17.0.0] AndroidManifest.xml:35:17-78
73-->[com.facebook.android:facebook-common:17.0.0] AndroidManifest.xml:35:27-75
74
75                <data
75-->[com.facebook.android:facebook-common:17.0.0] AndroidManifest.xml:37:17-39:50
76                    android:host="cct.com.trends.newcloack.debug"
76-->[com.facebook.android:facebook-common:17.0.0] AndroidManifest.xml:38:21-56
77                    android:scheme="fbconnect" />
77-->[com.facebook.android:facebook-common:17.0.0] AndroidManifest.xml:39:21-47
78            </intent-filter>
79        </activity>
80
81        <provider
81-->[androidx.emoji2:emoji2:1.2.0] AndroidManifest.xml:24:9-32:20
82            android:name="androidx.startup.InitializationProvider"
82-->[androidx.emoji2:emoji2:1.2.0] AndroidManifest.xml:25:13-67
83            android:authorities="com.trends.newcloack.debug.androidx-startup"
83-->[androidx.emoji2:emoji2:1.2.0] AndroidManifest.xml:26:13-68
84            android:exported="false" >
84-->[androidx.emoji2:emoji2:1.2.0] AndroidManifest.xml:27:13-37
85            <meta-data
85-->[androidx.emoji2:emoji2:1.2.0] AndroidManifest.xml:29:13-31:52
86                android:name="androidx.emoji2.text.EmojiCompatInitializer"
86-->[androidx.emoji2:emoji2:1.2.0] AndroidManifest.xml:30:17-75
87                android:value="androidx.startup" />
87-->[androidx.emoji2:emoji2:1.2.0] AndroidManifest.xml:31:17-49
88            <meta-data
88-->[androidx.lifecycle:lifecycle-process:2.6.2] AndroidManifest.xml:29:13-31:52
89                android:name="androidx.lifecycle.ProcessLifecycleInitializer"
89-->[androidx.lifecycle:lifecycle-process:2.6.2] AndroidManifest.xml:30:17-78
90                android:value="androidx.startup" />
90-->[androidx.lifecycle:lifecycle-process:2.6.2] AndroidManifest.xml:31:17-49
91            <meta-data
91-->[androidx.profileinstaller:profileinstaller:1.3.0] AndroidManifest.xml:29:13-31:52
92                android:name="androidx.profileinstaller.ProfileInstallerInitializer"
92-->[androidx.profileinstaller:profileinstaller:1.3.0] AndroidManifest.xml:30:17-85
93                android:value="androidx.startup" />
93-->[androidx.profileinstaller:profileinstaller:1.3.0] AndroidManifest.xml:31:17-49
94        </provider>
95
96        <service
96-->[com.google.firebase:firebase-config:21.6.3] AndroidManifest.xml:26:9-35:19
97            android:name="com.google.firebase.components.ComponentDiscoveryService"
97-->[com.google.firebase:firebase-config:21.6.3] AndroidManifest.xml:27:13-84
98            android:directBootAware="true"
98-->[com.google.firebase:firebase-common:20.4.2] AndroidManifest.xml:32:13-43
99            android:exported="false" >
99-->[com.google.firebase:firebase-config:21.6.3] AndroidManifest.xml:28:13-37
100            <meta-data
100-->[com.google.firebase:firebase-config:21.6.3] AndroidManifest.xml:29:13-31:85
101                android:name="com.google.firebase.components:com.google.firebase.remoteconfig.FirebaseRemoteConfigKtxRegistrar"
101-->[com.google.firebase:firebase-config:21.6.3] AndroidManifest.xml:30:17-128
102                android:value="com.google.firebase.components.ComponentRegistrar" />
102-->[com.google.firebase:firebase-config:21.6.3] AndroidManifest.xml:31:17-82
103            <meta-data
103-->[com.google.firebase:firebase-config:21.6.3] AndroidManifest.xml:32:13-34:85
104                android:name="com.google.firebase.components:com.google.firebase.remoteconfig.RemoteConfigRegistrar"
104-->[com.google.firebase:firebase-config:21.6.3] AndroidManifest.xml:33:17-117
105                android:value="com.google.firebase.components.ComponentRegistrar" />
105-->[com.google.firebase:firebase-config:21.6.3] AndroidManifest.xml:34:17-82
106            <meta-data
106-->[com.google.firebase:firebase-abt:21.1.1] AndroidManifest.xml:12:13-14:85
107                android:name="com.google.firebase.components:com.google.firebase.abt.component.AbtRegistrar"
107-->[com.google.firebase:firebase-abt:21.1.1] AndroidManifest.xml:13:17-109
108                android:value="com.google.firebase.components.ComponentRegistrar" />
108-->[com.google.firebase:firebase-abt:21.1.1] AndroidManifest.xml:14:17-82
109            <meta-data
109-->[com.google.firebase:firebase-installations:17.2.0] AndroidManifest.xml:15:13-17:85
110                android:name="com.google.firebase.components:com.google.firebase.installations.FirebaseInstallationsKtxRegistrar"
110-->[com.google.firebase:firebase-installations:17.2.0] AndroidManifest.xml:16:17-130
111                android:value="com.google.firebase.components.ComponentRegistrar" />
111-->[com.google.firebase:firebase-installations:17.2.0] AndroidManifest.xml:17:17-82
112            <meta-data
112-->[com.google.firebase:firebase-installations:17.2.0] AndroidManifest.xml:18:13-20:85
113                android:name="com.google.firebase.components:com.google.firebase.installations.FirebaseInstallationsRegistrar"
113-->[com.google.firebase:firebase-installations:17.2.0] AndroidManifest.xml:19:17-127
114                android:value="com.google.firebase.components.ComponentRegistrar" />
114-->[com.google.firebase:firebase-installations:17.2.0] AndroidManifest.xml:20:17-82
115            <meta-data
115-->[com.google.firebase:firebase-common-ktx:20.4.2] AndroidManifest.xml:12:13-14:85
116                android:name="com.google.firebase.components:com.google.firebase.ktx.FirebaseCommonLegacyRegistrar"
116-->[com.google.firebase:firebase-common-ktx:20.4.2] AndroidManifest.xml:13:17-116
117                android:value="com.google.firebase.components.ComponentRegistrar" />
117-->[com.google.firebase:firebase-common-ktx:20.4.2] AndroidManifest.xml:14:17-82
118            <meta-data
118-->[com.google.firebase:firebase-common:20.4.2] AndroidManifest.xml:35:13-37:85
119                android:name="com.google.firebase.components:com.google.firebase.FirebaseCommonKtxRegistrar"
119-->[com.google.firebase:firebase-common:20.4.2] AndroidManifest.xml:36:17-109
120                android:value="com.google.firebase.components.ComponentRegistrar" />
120-->[com.google.firebase:firebase-common:20.4.2] AndroidManifest.xml:37:17-82
121        </service>
122
123        <provider
123-->[com.google.firebase:firebase-common:20.4.2] AndroidManifest.xml:23:9-28:39
124            android:name="com.google.firebase.provider.FirebaseInitProvider"
124-->[com.google.firebase:firebase-common:20.4.2] AndroidManifest.xml:24:13-77
125            android:authorities="com.trends.newcloack.debug.firebaseinitprovider"
125-->[com.google.firebase:firebase-common:20.4.2] AndroidManifest.xml:25:13-72
126            android:directBootAware="true"
126-->[com.google.firebase:firebase-common:20.4.2] AndroidManifest.xml:26:13-43
127            android:exported="false"
127-->[com.google.firebase:firebase-common:20.4.2] AndroidManifest.xml:27:13-37
128            android:initOrder="100" />
128-->[com.google.firebase:firebase-common:20.4.2] AndroidManifest.xml:28:13-36
129        <!--
130         The initialization ContentProvider will call FacebookSdk.sdkInitialize automatically
131         with the application context. This config is merged in with the host app's manifest,
132         but there can only be one provider with the same authority activated at any given
133         point; so if the end user has two or more different apps that use Facebook SDK, only the
134         first one will be able to use the provider. To work around this problem, we use the
135         following placeholder in the authority to identify each host application as if it was
136         a completely different provider.
137        -->
138        <provider
138-->[com.facebook.android:facebook-core:17.0.0] AndroidManifest.xml:29:9-32:40
139            android:name="com.facebook.internal.FacebookInitProvider"
139-->[com.facebook.android:facebook-core:17.0.0] AndroidManifest.xml:30:13-70
140            android:authorities="com.trends.newcloack.debug.FacebookInitProvider"
140-->[com.facebook.android:facebook-core:17.0.0] AndroidManifest.xml:31:13-72
141            android:exported="false" />
141-->[com.facebook.android:facebook-core:17.0.0] AndroidManifest.xml:32:13-37
142
143        <receiver
143-->[com.facebook.android:facebook-core:17.0.0] AndroidManifest.xml:34:9-40:20
144            android:name="com.facebook.CurrentAccessTokenExpirationBroadcastReceiver"
144-->[com.facebook.android:facebook-core:17.0.0] AndroidManifest.xml:35:13-86
145            android:exported="false" >
145-->[com.facebook.android:facebook-core:17.0.0] AndroidManifest.xml:36:13-37
146            <intent-filter>
146-->[com.facebook.android:facebook-core:17.0.0] AndroidManifest.xml:37:13-39:29
147                <action android:name="com.facebook.sdk.ACTION_CURRENT_ACCESS_TOKEN_CHANGED" />
147-->[com.facebook.android:facebook-core:17.0.0] AndroidManifest.xml:38:17-95
147-->[com.facebook.android:facebook-core:17.0.0] AndroidManifest.xml:38:25-92
148            </intent-filter>
149        </receiver>
150        <receiver
150-->[com.facebook.android:facebook-core:17.0.0] AndroidManifest.xml:41:9-47:20
151            android:name="com.facebook.AuthenticationTokenManager$CurrentAuthenticationTokenChangedBroadcastReceiver"
151-->[com.facebook.android:facebook-core:17.0.0] AndroidManifest.xml:42:13-118
152            android:exported="false" >
152-->[com.facebook.android:facebook-core:17.0.0] AndroidManifest.xml:43:13-37
153            <intent-filter>
153-->[com.facebook.android:facebook-core:17.0.0] AndroidManifest.xml:44:13-46:29
154                <action android:name="com.facebook.sdk.ACTION_CURRENT_AUTHENTICATION_TOKEN_CHANGED" />
154-->[com.facebook.android:facebook-core:17.0.0] AndroidManifest.xml:45:17-103
154-->[com.facebook.android:facebook-core:17.0.0] AndroidManifest.xml:45:25-100
155            </intent-filter>
156        </receiver>
157
158        <uses-library
158-->[androidx.window:window:1.0.0] AndroidManifest.xml:25:9-27:40
159            android:name="androidx.window.extensions"
159-->[androidx.window:window:1.0.0] AndroidManifest.xml:26:13-54
160            android:required="false" />
160-->[androidx.window:window:1.0.0] AndroidManifest.xml:27:13-37
161        <uses-library
161-->[androidx.window:window:1.0.0] AndroidManifest.xml:28:9-30:40
162            android:name="androidx.window.sidecar"
162-->[androidx.window:window:1.0.0] AndroidManifest.xml:29:13-51
163            android:required="false" />
163-->[androidx.window:window:1.0.0] AndroidManifest.xml:30:13-37
164
165        <meta-data
165-->[com.google.android.gms:play-services-basement:18.1.0] AndroidManifest.xml:21:9-23:69
166            android:name="com.google.android.gms.version"
166-->[com.google.android.gms:play-services-basement:18.1.0] AndroidManifest.xml:22:13-58
167            android:value="@integer/google_play_services_version" />
167-->[com.google.android.gms:play-services-basement:18.1.0] AndroidManifest.xml:23:13-66
168
169        <receiver
169-->[androidx.profileinstaller:profileinstaller:1.3.0] AndroidManifest.xml:34:9-52:20
170            android:name="androidx.profileinstaller.ProfileInstallReceiver"
170-->[androidx.profileinstaller:profileinstaller:1.3.0] AndroidManifest.xml:35:13-76
171            android:directBootAware="false"
171-->[androidx.profileinstaller:profileinstaller:1.3.0] AndroidManifest.xml:36:13-44
172            android:enabled="true"
172-->[androidx.profileinstaller:profileinstaller:1.3.0] AndroidManifest.xml:37:13-35
173            android:exported="true"
173-->[androidx.profileinstaller:profileinstaller:1.3.0] AndroidManifest.xml:38:13-36
174            android:permission="android.permission.DUMP" >
174-->[androidx.profileinstaller:profileinstaller:1.3.0] AndroidManifest.xml:39:13-57
175            <intent-filter>
175-->[androidx.profileinstaller:profileinstaller:1.3.0] AndroidManifest.xml:40:13-42:29
176                <action android:name="androidx.profileinstaller.action.INSTALL_PROFILE" />
176-->[androidx.profileinstaller:profileinstaller:1.3.0] AndroidManifest.xml:41:17-91
176-->[androidx.profileinstaller:profileinstaller:1.3.0] AndroidManifest.xml:41:25-88
177            </intent-filter>
178            <intent-filter>
178-->[androidx.profileinstaller:profileinstaller:1.3.0] AndroidManifest.xml:43:13-45:29
179                <action android:name="androidx.profileinstaller.action.SKIP_FILE" />
179-->[androidx.profileinstaller:profileinstaller:1.3.0] AndroidManifest.xml:44:17-85
179-->[androidx.profileinstaller:profileinstaller:1.3.0] AndroidManifest.xml:44:25-82
180            </intent-filter>
181            <intent-filter>
181-->[androidx.profileinstaller:profileinstaller:1.3.0] AndroidManifest.xml:46:13-48:29
182                <action android:name="androidx.profileinstaller.action.SAVE_PROFILE" />
182-->[androidx.profileinstaller:profileinstaller:1.3.0] AndroidManifest.xml:47:17-88
182-->[androidx.profileinstaller:profileinstaller:1.3.0] AndroidManifest.xml:47:25-85
183            </intent-filter>
184            <intent-filter>
184-->[androidx.profileinstaller:profileinstaller:1.3.0] AndroidManifest.xml:49:13-51:29
185                <action android:name="androidx.profileinstaller.action.BENCHMARK_OPERATION" />
185-->[androidx.profileinstaller:profileinstaller:1.3.0] AndroidManifest.xml:50:17-95
185-->[androidx.profileinstaller:profileinstaller:1.3.0] AndroidManifest.xml:50:25-92
186            </intent-filter>
187        </receiver>
188    </application>
189
190</manifest>